Flat profile:

Each sample counts as 0.01 seconds.
  %   cumulative   self              self     total           
 time   seconds   seconds    calls  Ts/call  Ts/call  name    
 16.38      2.44     2.44                             std::vector<long, std::allocator<long> >::size() const
  8.99      3.78     1.34                             Odometer::get_div()
  8.93      5.11     1.33                             std::vector<long, std::allocator<long> >::_M_range_check(unsigned long) const
  5.37      5.91     0.80                             Pinch::pinch_preproduct(std::vector<long, std::allocator<long> >, long)
  5.20      6.69     0.78                             std::vector<long, std::allocator<long> >::at(unsigned long)
  3.49      7.21     0.52                             Odometer::next_div()
  2.48      7.58     0.37                             Construct_car::completion_check(long, long, long, long, std::vector<long, std::allocator<long> >, std::vector<long, std::allocator<long> >)
  1.95      7.87     0.29                             std::vector<long, std::allocator<long> >::operator[](unsigned long)
  1.75      8.13     0.26                             Construct_car::preproduct_construction(std::vector<long, std::allocator<long> >, std::vector<long, std::allocator<long> >, long)
  1.75      8.39     0.26                             long* std::__copy_move<false, true, std::random_access_iterator_tag>::__copy_m<long>(long const*, long const*, long*)
  1.51      8.61     0.23                             __gnu_cxx::__normal_iterator<long const*, std::vector<long, std::allocator<long> > >::__normal_iterator(long const* const&)
  1.41      8.82     0.21                             __gnu_cxx::new_allocator<long>::allocate(unsigned long, void const*)
  1.41      9.03     0.21                             std::_Vector_base<long, std::allocator<long> >::_M_get_Tp_allocator()
  1.34      9.23     0.20                             std::_Vector_base<long, std::allocator<long> >::~_Vector_base()
  1.28      9.42     0.19                             std::_Vector_base<long, std::allocator<long> >::_M_create_storage(unsigned long)
  1.28      9.61     0.19                             std::vector<long, std::allocator<long> >::vector(std::vector<long, std::allocator<long> > const&)
  1.21      9.79     0.18                             __gnu_cxx::__normal_iterator<long*, std::vector<long, std::allocator<long> > >::__normal_iterator(long* const&)
  1.07      9.95     0.16                             std::_Vector_base<long, std::allocator<long> >::_Vector_impl_data::_Vector_impl_data()
  1.01     10.10     0.15                             std::allocator<long>::~allocator()
  0.97     10.25     0.15                             std::vector<long, std::allocator<long> >::begin() const
  0.97     10.39     0.15                             std::allocator<long>::allocator(std::allocator<long> const&)
  0.97     10.54     0.15                             std::enable_if<std::__is_bitwise_relocatable<long, void>::value, long*>::type std::__relocate_a_1<long, long>(long*, long*, long*, std::allocator<long>&)
  0.94     10.68     0.14                             std::_Vector_base<long, std::allocator<long> >::_M_get_Tp_allocator() const
  0.84     10.80     0.13                             std::_Vector_base<long, std::allocator<long> >::_Vector_impl::_Vector_impl(std::allocator<long> const&)
  0.81     10.92     0.12                             std::_Vector_base<long, std::allocator<long> >::_M_allocate(unsigned long)
  0.81     11.04     0.12                             std::_Vector_base<long, std::allocator<long> >::_Vector_impl::~_Vector_impl()
  0.81     11.16     0.12                             void std::vector<long, std::allocator<long> >::_M_realloc_insert<long const&>(__gnu_cxx::__normal_iterator<long*, std::vector<long, std::allocator<long> > >, long const&)
  0.81     11.28     0.12                             std::allocator_traits<std::allocator<long> >::select_on_container_copy_construction(std::allocator<long> const&)
  0.81     11.40     0.12                             long* std::__copy_move_a2<false, long const*, long*>(long const*, long const*, long*)
  0.74     11.51     0.11                             __gnu_cxx::new_allocator<long>::new_allocator(__gnu_cxx::new_allocator<long> const&)
  0.74     11.62     0.11                             __gnu_cxx::__normal_iterator<long const*, std::vector<long, std::allocator<long> > > std::__miter_base<__gnu_cxx::__normal_iterator<long const*, std::vector<long, std::allocator<long> > > >(__gnu_cxx::__normal_iterator<long const*, std::vector<long, std::allocator<long> > >)
  0.74     11.73     0.11                             long const* std::__niter_base<long const*, std::vector<long, std::allocator<long> > >(__gnu_cxx::__normal_iterator<long const*, std::vector<long, std::allocator<long> > >)
  0.74     11.84     0.11                             std::vector<long, std::allocator<long> >::end() const
  0.74     11.95     0.11                             std::_Vector_base<long, std::allocator<long> >::_M_deallocate(long*, unsigned long)
  0.74     12.06     0.11                             std::allocator_traits<std::allocator<long> >::allocate(std::allocator<long>&, unsigned long)
  0.74     12.17     0.11                             long* std::__uninitialized_copy<true>::__uninit_copy<__gnu_cxx::__normal_iterator<long const*, std::vector<long, std::allocator<long> > >, long*>(__gnu_cxx::__normal_iterator<long const*, std::vector<long, std::allocator<long> > >, __gnu_cxx::__normal_iterator<long const*, std::vector<long, std::allocator<long> > >, long*)
  0.74     12.28     0.11                             std::vector<long, std::allocator<long> >::~vector()
  0.74     12.39     0.11                             long* std::__copy_move_a1<false, long const*, long*>(long const*, long const*, long*)
  0.67     12.49     0.10                             __gnu_cxx::new_allocator<long>::deallocate(long*, unsigned long)
  0.67     12.59     0.10                             std::allocator_traits<std::allocator<long> >::deallocate(std::allocator<long>&, long*, unsigned long)
  0.64     12.69     0.10                             long* std::uninitialized_copy<__gnu_cxx::__normal_iterator<long const*, std::vector<long, std::allocator<long> > >, long*>(__gnu_cxx::__normal_iterator<long const*, std::vector<long, std::allocator<long> > >, __gnu_cxx::__normal_iterator<long const*, std::vector<long, std::allocator<long> > >, long*)
  0.60     12.78     0.09                             __gnu_cxx::__alloc_traits<std::allocator<long>, long>::_S_select_on_copy(std::allocator<long> const&)
  0.60     12.87     0.09                             __gnu_cxx::__normal_iterator<long*, std::vector<long, std::allocator<long> > >::base() const
  0.54     12.95     0.08                             trial_thousand(long const&)
  0.54     13.03     0.08                             __gnu_cxx::new_allocator<long>::~new_allocator()
  0.54     13.11     0.08                             long* std::__copy_move_a<false, __gnu_cxx::__normal_iterator<long const*, std::vector<long, std::allocator<long> > >, long*>(__gnu_cxx::__normal_iterator<long const*, std::vector<long, std::allocator<long> > >, __gnu_cxx::__normal_iterator<long const*, std::vector<long, std::allocator<long> > >, long*)
  0.47     13.18     0.07                             long* std::__niter_wrap<long*>(long* const&, long*)
  0.47     13.25     0.07                             __gnu_cxx::__normal_iterator<long const*, std::vector<long, std::allocator<long> > >::base() const
  0.47     13.32     0.07                             merge(std::vector<long, std::allocator<long> >&, std::vector<long, std::allocator<long> >&)
  0.40     13.38     0.06                             long* std::__uninitialized_copy<true>::__uninit_copy<std::move_iterator<long*>, long*>(std::move_iterator<long*>, std::move_iterator<long*>, long*)
  0.40     13.44     0.06                             long* std::copy<__gnu_cxx::__normal_iterator<long const*, std::vector<long, std::allocator<long> > >, long*>(__gnu_cxx::__normal_iterator<long const*, std::vector<long, std::allocator<long> > >, __gnu_cxx::__normal_iterator<long const*, std::vector<long, std::allocator<long> > >, long*)
  0.34     13.49     0.05                             __gnu_cxx::__normal_iterator<long*, std::vector<long, std::allocator<long> > >::difference_type __gnu_cxx::operator-<long*, std::vector<long, std::allocator<long> > >(__gnu_cxx::__normal_iterator<long*, std::vector<long, std::allocator<long> > > const&, __gnu_cxx::__normal_iterator<long*, std::vector<long, std::allocator<long> > > const&)
  0.34     13.54     0.05                             __gnu_cxx::__normal_iterator<long*, std::vector<long, std::allocator<long> > >::operator*() const
  0.34     13.59     0.05                             std::allocator_traits<std::allocator<long> >::max_size(std::allocator<long> const&)
  0.34     13.64     0.05                             std::vector<long, std::allocator<long> >::push_back(long const&)
  0.34     13.69     0.05                             long* std::__niter_base<long*>(long*)
  0.34     13.74     0.05                             void std::_Destroy<long*, long>(long*, long*, std::allocator<long>&)
  0.27     13.78     0.04                             std::allocator<long>::allocator()
  0.27     13.82     0.04                             std::vector<long, std::allocator<long> >::_S_max_size(std::allocator<long> const&)
  0.27     13.86     0.04                             std::vector<long, std::allocator<long> >::_S_relocate(long*, long*, long*, std::allocator<long>&)
  0.27     13.90     0.04                             std::vector<long, std::allocator<long> >::begin()
  0.27     13.94     0.04                             long* std::__uninitialized_copy_a<__gnu_cxx::__normal_iterator<long const*, std::vector<long, std::allocator<long> > >, long*, long>(__gnu_cxx::__normal_iterator<long const*, std::vector<long, std::allocator<long> > >, __gnu_cxx::__normal_iterator<long const*, std::vector<long, std::allocator<long> > >, long*, std::allocator<long>&)
  0.27     13.98     0.04                             void std::_Destroy<long*>(long*, long*)
  0.20     14.01     0.03                             Stack::pop()
  0.20     14.04     0.03                             Odometer::Odometer(std::vector<long, std::allocator<long> >, std::vector<long, std::allocator<long> >)
  0.20     14.07     0.03                             __gnu_cxx::__normal_iterator<long*, std::vector<long, std::allocator<long> > >::operator++(int)
  0.20     14.10     0.03                             bool __gnu_cxx::operator!=<long*, std::vector<long, std::allocator<long> > >(__gnu_cxx::__normal_iterator<long*, std::vector<long, std::allocator<long> > > const&, __gnu_cxx::__normal_iterator<long*, std::vector<long, std::allocator<long> > > const&)
  0.20     14.13     0.03                             __gnu_cxx::new_allocator<long>::_M_max_size() const
  0.20     14.16     0.03                             __gnu_cxx::new_allocator<long>::max_size() const
  0.20     14.19     0.03                             std::vector<long, std::allocator<long> >::_M_check_len(unsigned long, char const*) const
  0.20     14.22     0.03                             std::_Vector_base<long, std::allocator<long> >::_Vector_impl_data::_M_copy_data(std::_Vector_base<long, std::allocator<long> >::_Vector_impl_data const&)
  0.20     14.25     0.03                             std::vector<long, std::allocator<long> >::_S_do_relocate(long*, long*, long*, std::allocator<long>&, std::integral_constant<bool, true>)
  0.20     14.28     0.03                             std::vector<long, std::allocator<long> >::end()
  0.20     14.31     0.03                             long* std::__relocate_a<long*, long*, std::allocator<long> >(long*, long*, long*, std::allocator<long>&)
  0.17     14.33     0.03                             std::_Vector_base<long, std::allocator<long> >::_Vector_base(unsigned long, std::allocator<long> const&)
  0.17     14.36     0.03                             std::vector<std::pair<long, __int128>, std::allocator<std::pair<long, __int128> > >::~vector()
  0.13     14.38     0.02                             Factgen::next()
  0.13     14.40     0.02                             void __gnu_cxx::new_allocator<long>::construct<long, long const&>(long*, long const&)
  0.13     14.42     0.02                             bool __gnu_cxx::operator==<long*, std::vector<long, std::allocator<long> > >(__gnu_cxx::__normal_iterator<long*, std::vector<long, std::allocator<long> > > const&, __gnu_cxx::__normal_iterator<long*, std::vector<long, std::allocator<long> > > const&)
  0.13     14.44     0.02                             __gnu_cxx::__normal_iterator<long*, std::vector<long, std::allocator<long> > >::operator+(long) const
  0.13     14.46     0.02                             std::vector<long, std::allocator<long> >::max_size() const
  0.13     14.48     0.02                             void std::_Destroy_aux<true>::__destroy<long*>(long*, long*)
  0.13     14.50     0.02                             std::_Vector_base<long, std::allocator<long> >::_Vector_base()
  0.13     14.52     0.02                             std::vector<long, std::allocator<long> >::_M_move_assign(std::vector<long, std::allocator<long> >&&, std::integral_constant<bool, true>)
  0.13     14.54     0.02                             void std::__unguarded_linear_insert<__gnu_cxx::__normal_iterator<long*, std::vector<long, std::allocator<long> > >, __gnu_cxx::__ops::_Val_less_iter>(__gnu_cxx::__normal_iterator<long*, std::vector<long, std::allocator<long> > >, __gnu_cxx::__ops::_Val_less_iter)
  0.13     14.56     0.02                             unsigned long const& std::max<unsigned long>(unsigned long const&, unsigned long const&)
  0.13     14.58     0.02                             long* std::copy<std::move_iterator<long*>, long*>(std::move_iterator<long*>, std::move_iterator<long*>, long*)
  0.07     14.59     0.01                             Stack::isempty()
  0.07     14.60     0.01                             Odometer::~Odometer()
  0.07     14.61     0.01                             void __gnu_cxx::new_allocator<std::pair<long, __int128> >::destroy<std::pair<long, __int128> >(std::pair<long, __int128>*)
  0.07     14.62     0.01                             __gnu_cxx::__normal_iterator<long*, std::vector<long, std::allocator<long> > >::operator--()
  0.07     14.63     0.01                             bool __gnu_cxx::__ops::_Iter_less_iter::operator()<__gnu_cxx::__normal_iterator<long*, std::vector<long, std::allocator<long> > >, __gnu_cxx::__normal_iterator<long*, std::vector<long, std::allocator<long> > > >(__gnu_cxx::__normal_iterator<long*, std::vector<long, std::allocator<long> > >, __gnu_cxx::__normal_iterator<long*, std::vector<long, std::allocator<long> > >) const
  0.07     14.64     0.01                             std::vector<std::pair<long, __int128>, std::allocator<std::pair<long, __int128> > >::_M_range_check(unsigned long) const
  0.07     14.65     0.01                             std::vector<long, std::allocator<long> >::capacity() const
  0.07     14.66     0.01                             long* std::__copy_move<true, true, std::random_access_iterator_tag>::__copy_m<long>(long const*, long const*, long*)
  0.07     14.67     0.01                             std::_Vector_base<long, std::allocator<long> >::_Vector_impl::_Vector_impl()
  0.07     14.68     0.01                             std::_Vector_base<long, std::allocator<long> >::_Vector_impl_data::_M_swap_data(std::_Vector_base<long, std::allocator<long> >::_Vector_impl_data&)
  0.07     14.69     0.01                             void std::allocator_traits<std::allocator<long> >::construct<long, long const&>(std::allocator<long>&, long*, long const&)
  0.07     14.70     0.01                             long* std::__uninitialized_copy<true>::__uninit_copy<__gnu_cxx::__normal_iterator<long*, std::vector<long, std::allocator<long> > >, long*>(__gnu_cxx::__normal_iterator<long*, std::vector<long, std::allocator<long> > >, __gnu_cxx::__normal_iterator<long*, std::vector<long, std::allocator<long> > >, long*)
  0.07     14.71     0.01                             void std::vector<long, std::allocator<long> >::emplace_back<long>(long&&)
  0.07     14.72     0.01                             std::vector<long, std::allocator<long> >::_S_use_relocate()
  0.07     14.73     0.01                             void std::vector<long, std::allocator<long> >::_M_realloc_insert<long>(__gnu_cxx::__normal_iterator<long*, std::vector<long, std::allocator<long> > >, long&&)
  0.07     14.74     0.01                             std::vector<long, std::allocator<long> >::_S_nothrow_relocate(std::integral_constant<bool, true>)
  0.07     14.75     0.01                             __gnu_cxx::__normal_iterator<long*, std::vector<long, std::allocator<long> > > std::vector<long, std::allocator<long> >::insert<__gnu_cxx::__normal_iterator<long*, std::vector<long, std::allocator<long> > >, void>(__gnu_cxx::__normal_iterator<long const*, std::vector<long, std::allocator<long> > >, __gnu_cxx::__normal_iterator<long*, std::vector<long, std::allocator<long> > >, __gnu_cxx::__normal_iterator<long*, std::vector<long, std::allocator<long> > >)
  0.07     14.76     0.01                             std::vector<long, std::allocator<long> >::push_back(long&&)
  0.07     14.77     0.01                             std::vector<long, std::allocator<long> >::vector(std::allocator<long> const&)
  0.07     14.78     0.01                             __gnu_cxx::__normal_iterator<long*, std::vector<long, std::allocator<long> > > std::__miter_base<__gnu_cxx::__normal_iterator<long*, std::vector<long, std::allocator<long> > > >(__gnu_cxx::__normal_iterator<long*, std::vector<long, std::allocator<long> > >)
  0.07     14.79     0.01                             long* std::move_backward<long*, long*>(long*, long*, long*)
  0.07     14.80     0.01                             std::move_iterator<long*> std::make_move_iterator<long*>(long*)
  0.07     14.81     0.01                             long* std::uninitialized_copy<std::move_iterator<long*>, long*>(std::move_iterator<long*>, std::move_iterator<long*>, long*)
  0.07     14.82     0.01                             std::iterator_traits<__gnu_cxx::__normal_iterator<long*, std::vector<long, std::allocator<long> > > >::iterator_category std::__iterator_category<__gnu_cxx::__normal_iterator<long*, std::vector<long, std::allocator<long> > > >(__gnu_cxx::__normal_iterator<long*, std::vector<long, std::allocator<long> > > const&)
  0.07     14.83     0.01                             std::move_iterator<long*> std::__make_move_if_noexcept_iterator<long, std::move_iterator<long*> >(long*)
  0.07     14.84     0.01                             std::__lg(long)
  0.07     14.85     0.01                             void std::sort<__gnu_cxx::__normal_iterator<long*, std::vector<long, std::allocator<long> > > >(__gnu_cxx::__normal_iterator<long*, std::vector<long, std::allocator<long> > >, __gnu_cxx::__normal_iterator<long*, std::vector<long, std::allocator<long> > >)
  0.07     14.86     0.01                             void std::advance<__gnu_cxx::__normal_iterator<long*, std::vector<long, std::allocator<long> > >, unsigned long>(__gnu_cxx::__normal_iterator<long*, std::vector<long, std::allocator<long> > >&, unsigned long)
  0.07     14.87     0.01                             long const& std::forward<long const&>(std::remove_reference<long const&>::type&)
  0.07     14.88     0.01                             long&& std::forward<long>(std::remove_reference<long>::type&)
  0.07     14.89     0.01                             std::iterator_traits<__gnu_cxx::__normal_iterator<long*, std::vector<long, std::allocator<long> > > >::difference_type std::distance<__gnu_cxx::__normal_iterator<long*, std::vector<long, std::allocator<long> > > >(__gnu_cxx::__normal_iterator<long*, std::vector<long, std::allocator<long> > >, __gnu_cxx::__normal_iterator<long*, std::vector<long, std::allocator<long> > >)
  0.07     14.90     0.01                             operator new(unsigned long, void*)
  0.03     14.90     0.01                             std::remove_reference<long*&>::type&& std::move<long*&>(long*&)

 %         the percentage of the total running time of the
time       program used by this function.

cumulative a running sum of the number of seconds accounted
 seconds   for by this function and those listed above it.

 self      the number of seconds accounted for by this
seconds    function alone.  This is the major sort for this
           listing.

calls      the number of times this function was invoked, if
           this function is profiled, else blank.

 self      the average number of milliseconds spent in this
ms/call    function per call, if this function is profiled,
	   else blank.

 total     the average number of milliseconds spent in this
ms/call    function and its descendents per call, if this
	   function is profiled, else blank.

name       the name of the function.  This is the minor sort
           for this listing. The index shows the location of
	   the function in the gprof listing. If the index is
	   in parenthesis it shows where it would appear in
	   the gprof listing if it were to be printed.

Copyright (C) 2012-2016 Free Software Foundation, Inc.

Copying and distribution of this file, with or without modification,
are permitted in any medium without royalty provided the copyright
notice and this notice are preserved.
